<?xml version="1.0" encoding="UTF-8"?>
<Site BuildName="(empty)"
	BuildStamp="20240424-1246-Experimental"
	Name="(empty)"
	Generator="ctest-3.28.1"
	CompilerName=""
	CompilerVersion=""
	OSName="Linux"
	Hostname="tims-laptop-linux"
	OSRelease="6.8.0-76060800daily20240311-generic"
	OSVersion="#202403110203~1713206908~22.04~3a62479 SMP PREEMPT_DYNAMIC Mon A"
	OSPlatform="x86_64"
	Is64Bits="1"
	VendorString="AuthenticAMD"
	VendorID="Advanced Micro Devices"
	FamilyID="23"
	ModelID="17"
	ProcessorCacheSize="512"
	NumberOfLogicalCPU="8"
	NumberOfPhysicalCPU="4"
	TotalVirtualMemory="24575"
	TotalPhysicalMemory="30987"
	LogicalProcessorsPerPhysical="2"
	ProcessorClockFrequency="1596.9"
	>
	<Testing>
		<StartDateTime>Apr 24 14:46 CEST</StartDateTime>
		<StartTestTime>1713962799</StartTestTime>
		<TestList/>
		<EndDateTime>Apr 24 14:46 CEST</EndDateTime>
		<EndTestTime>1713962799</EndTestTime>
		<ElapsedMinutes>0</ElapsedMinutes>
	</Testing>
</Site>
